# JRE version: OpenJDK Runtime Environment (15.0.1+9) (build 15.0.1+9-18)
# Java VM: OpenJDK 64-Bit Server VM (15.0.1+9-18, mixed mode, tiered, compressed oops, g1 gc, windows-amd64)
GC Precious Log:
 CPUs: 8 total, 8 available
 Memory: 16248M
 Large Page Support: Disabled
 NUMA Support: Disabled
 Compressed Oops: Enabled (Zero based)
 Heap Region Size: 2M
 Heap Min Capacity: 8M
 Heap Initial Capacity: 254M
 Heap Max Capacity: 4064M
 Pre-touch: Disabled
 Parallel Workers: 8
 Concurrent Workers: 2
 Concurrent Refinement Workers: 8
 Periodic GC: Disabled
Heap:
 garbage-first heap   total 202752K, used 23635K [0x0000000702000000, 0x0000000800000000)
  region size 2048K, 2 young (4096K), 1 survivors (2048K)
 Metaspace       used 28000K, capacity 28375K, committed 28592K, reserved 1075200K
  class space    used 2624K, capacity 2816K, committed 2816K, reserved 1048576K
GC Heap History (20 events):
Event: 28.457 GC heap before
{Heap before GC invocations=104 (full 0):
 garbage-first heap   total 202752K, used 175218K [0x0000000702000000, 0x0000000800000000)
  region size 2048K, 59 young (120832K), 1 survivors (2048K)
 Metaspace       used 28000K, capacity 28375K, committed 28592K, reserved 1075200K
  class space    used 2624K, capacity 2816K, committed 2816K, reserved 1048576K
}
Event: 28.458 GC heap after
{Heap after GC invocations=105 (full 0):
 garbage-first heap   total 202752K, used 27793K [0x0000000702000000, 0x0000000800000000)
  region size 2048K, 1 young (2048K), 1 survivors (2048K)
 Metaspace       used 28000K, capacity 28375K, committed 28592K, reserved 1075200K
  class space    used 2624K, capacity 2816K, committed 2816K, reserved 1048576K
}
Event: 28.710 GC heap before
{Heap before GC invocations=105 (full 0):
 garbage-first heap   total 202752K, used 177297K [0x0000000702000000, 0x0000000800000000)
  region size 2048K, 59 young (120832K), 1 survivors (2048K)
 Metaspace       used 28000K, capacity 28375K, committed 28592K, reserved 1075200K
  class space    used 2624K, capacity 2816K, committed 2816K, reserved 1048576K
}
Event: 28.712 GC heap after
{Heap after GC invocations=106 (full 0):
 garbage-first heap   total 202752K, used 27797K [0x0000000702000000, 0x0000000800000000)
  region size 2048K, 1 young (2048K), 1 survivors (2048K)
 Metaspace       used 28000K, capacity 28375K, committed 28592K, reserved 1075200K
  class space    used 2624K, capacity 2816K, committed 2816K, reserved 1048576K
}
Event: 28.959 GC heap before
{Heap before GC invocations=106 (full 0):
 garbage-first heap   total 202752K, used 173205K [0x0000000702000000, 0x0000000800000000)
  region size 2048K, 59 young (120832K), 1 survivors (2048K)
 Metaspace       used 28000K, capacity 28375K, committed 28592K, reserved 1075200K
  class space    used 2624K, capacity 2816K, committed 2816K, reserved 1048576K
}
Event: 28.960 GC heap after
{Heap after GC invocations=107 (full 0):
 garbage-first heap   total 202752K, used 25722K [0x0000000702000000, 0x0000000800000000)
  region size 2048K, 1 young (2048K), 1 survivors (2048K)
 Metaspace       used 28000K, capacity 28375K, committed 28592K, reserved 1075200K
  class space    used 2624K, capacity 2816K, committed 2816K, reserved 1048576K
}
Event: 29.206 GC heap before
{Heap before GC invocations=107 (full 0):
 garbage-first heap   total 202752K, used 175226K [0x0000000702000000, 0x0000000800000000)
  region size 2048K, 59 young (120832K), 1 survivors (2048K)
 Metaspace       used 28000K, capacity 28375K, committed 28592K, reserved 1075200K
  class space    used 2624K, capacity 2816K, committed 2816K, reserved 1048576K
}
Event: 29.208 GC heap after
{Heap after GC invocations=108 (full 0):
 garbage-first heap   total 202752K, used 27796K [0x0000000702000000, 0x0000000800000000)
  region size 2048K, 1 young (2048K), 1 survivors (2048K)
 Metaspace       used 28000K, capacity 28375K, committed 28592K, reserved 1075200K
  class space    used 2624K, capacity 2816K, committed 2816K, reserved 1048576K
}
Event: 29.446 GC heap before
{Heap before GC invocations=108 (full 0):
 garbage-first heap   total 202752K, used 173204K [0x0000000702000000, 0x0000000800000000)
  region size 2048K, 59 young (120832K), 1 survivors (2048K)
 Metaspace       used 28000K, capacity 28375K, committed 28592K, reserved 1075200K
  class space    used 2624K, capacity 2816K, committed 2816K, reserved 1048576K
}
Event: 29.448 GC heap after
{Heap after GC invocations=109 (full 0):
 garbage-first heap   total 202752K, used 25698K [0x0000000702000000, 0x0000000800000000)
  region size 2048K, 1 young (2048K), 1 survivors (2048K)
 Metaspace       used 28000K, capacity 28375K, committed 28592K, reserved 1075200K
  class space    used 2624K, capacity 2816K, committed 2816K, reserved 1048576K
}
Event: 29.702 GC heap before
{Heap before GC invocations=109 (full 0):
 garbage-first heap   total 202752K, used 175202K [0x0000000702000000, 0x0000000800000000)
  region size 2048K, 59 young (120832K), 1 survivors (2048K)
 Metaspace       used 28000K, capacity 28375K, committed 28592K, reserved 1075200K
  class space    used 2624K, capacity 2816K, committed 2816K, reserved 1048576K
}
Event: 29.703 GC heap after
{Heap after GC invocations=110 (full 0):
 garbage-first heap   total 202752K, used 27796K [0x0000000702000000, 0x0000000800000000)
  region size 2048K, 1 young (2048K), 1 survivors (2048K)
 Metaspace       used 28000K, capacity 28375K, committed 28592K, reserved 1075200K
  class space    used 2624K, capacity 2816K, committed 2816K, reserved 1048576K
}
Event: 29.952 GC heap before
{Heap before GC invocations=110 (full 0):
 garbage-first heap   total 202752K, used 177300K [0x0000000702000000, 0x0000000800000000)
  region size 2048K, 59 young (120832K), 1 survivors (2048K)
 Metaspace       used 28000K, capacity 28375K, committed 28592K, reserved 1075200K
  class space    used 2624K, capacity 2816K, committed 2816K, reserved 1048576K
}
Event: 29.953 GC heap after
{Heap after GC invocations=111 (full 0):
 garbage-first heap   total 202752K, used 27830K [0x0000000702000000, 0x0000000800000000)
  region size 2048K, 1 young (2048K), 1 survivors (2048K)
 Metaspace       used 28000K, capacity 28375K, committed 28592K, reserved 1075200K
  class space    used 2624K, capacity 2816K, committed 2816K, reserved 1048576K
}
Event: 30.196 GC heap before
{Heap before GC invocations=111 (full 0):
 garbage-first heap   total 202752K, used 173238K [0x0000000702000000, 0x0000000800000000)
  region size 2048K, 59 young (120832K), 1 survivors (2048K)
 Metaspace       used 28000K, capacity 28375K, committed 28592K, reserved 1075200K
  class space    used 2624K, capacity 2816K, committed 2816K, reserved 1048576K
}
Event: 30.197 GC heap after
{Heap after GC invocations=112 (full 0):
 garbage-first heap   total 202752K, used 25706K [0x0000000702000000, 0x0000000800000000)
  region size 2048K, 1 young (2048K), 1 survivors (2048K)
 Metaspace       used 28000K, capacity 28375K, committed 28592K, reserved 1075200K
  class space    used 2624K, capacity 2816K, committed 2816K, reserved 1048576K
}
Event: 30.449 GC heap before
{Heap before GC invocations=112 (full 0):
 garbage-first heap   total 202752K, used 175210K [0x0000000702000000, 0x0000000800000000)
  region size 2048K, 59 young (120832K), 1 survivors (2048K)
 Metaspace       used 28000K, capacity 28375K, committed 28592K, reserved 1075200K
  class space    used 2624K, capacity 2816K, committed 2816K, reserved 1048576K
}
Event: 30.451 GC heap after
{Heap after GC invocations=113 (full 0):
 garbage-first heap   total 202752K, used 27814K [0x0000000702000000, 0x0000000800000000)
  region size 2048K, 1 young (2048K), 1 survivors (2048K)
 Metaspace       used 28000K, capacity 28375K, committed 28592K, reserved 1075200K
  class space    used 2624K, capacity 2816K, committed 2816K, reserved 1048576K
}
Event: 30.692 GC heap before
{Heap before GC invocations=113 (full 0):
 garbage-first heap   total 202752K, used 173222K [0x0000000702000000, 0x0000000800000000)
  region size 2048K, 59 young (120832K), 1 survivors (2048K)
 Metaspace       used 28000K, capacity 28375K, committed 28592K, reserved 1075200K
  class space    used 2624K, capacity 2816K, committed 2816K, reserved 1048576K
}
Event: 30.693 GC heap after
{Heap after GC invocations=114 (full 0):
 garbage-first heap   total 202752K, used 23635K [0x0000000702000000, 0x0000000800000000)
  region size 2048K, 1 young (2048K), 1 survivors (2048K)
 Metaspace       used 28000K, capacity 28375K, committed 28592K, reserved 1075200K
  class space    used 2624K, capacity 2816K, committed 2816K, reserved 1048576K
}

